ARM GAS  C:\Users\czsta\AppData\Local\Temp\ccK0fbiy.s 			page 1


   1              		.cpu cortex-m3
   2              		.eabi_attribute 20, 1
   3              		.eabi_attribute 21, 1
   4              		.eabi_attribute 23, 3
   5              		.eabi_attribute 24, 1
   6              		.eabi_attribute 25, 1
   7              		.eabi_attribute 26, 1
   8              		.eabi_attribute 30, 2
   9              		.eabi_attribute 34, 1
  10              		.eabi_attribute 18, 4
  11              		.file	"delay.c"
  12              		.text
  13              		.section	.text.delay_init,"ax",%progbits
  14              		.align	1
  15              		.p2align 2,,3
  16              		.global	delay_init
  17              		.syntax unified
  18              		.thumb
  19              		.thumb_func
  20              		.fpu softvfp
  22              	delay_init:
  23              		@ args = 0, pretend = 0, frame = 0
  24              		@ frame_needed = 0, uses_anonymous_args = 0
  25              		@ link register save eliminated.
  26 0000 30B4     		push	{r4, r5}
  27 0002 0849     		ldr	r1, .L4
  28 0004 C008     		lsrs	r0, r0, #3
  29 0006 0A68     		ldr	r2, [r1]
  30 0008 C0EB4013 		rsb	r3, r0, r0, lsl #5
  31 000c 064D     		ldr	r5, .L4+4
  32 000e 074C     		ldr	r4, .L4+8
  33 0010 00EB8303 		add	r3, r0, r3, lsl #2
  34 0014 22F00402 		bic	r2, r2, #4
  35 0018 DB00     		lsls	r3, r3, #3
  36 001a 0A60     		str	r2, [r1]
  37 001c 2870     		strb	r0, [r5]
  38 001e 2380     		strh	r3, [r4]	@ movhi
  39 0020 30BC     		pop	{r4, r5}
  40 0022 7047     		bx	lr
  41              	.L5:
  42              		.align	2
  43              	.L4:
  44 0024 10E000E0 		.word	-536813552
  45 0028 00000000 		.word	.LANCHOR0
  46 002c 00000000 		.word	.LANCHOR1
  48              		.section	.text.delay_us,"ax",%progbits
  49              		.align	1
  50              		.p2align 2,,3
  51              		.global	delay_us
  52              		.syntax unified
  53              		.thumb
  54              		.thumb_func
  55              		.fpu softvfp
  57              	delay_us:
  58              		@ args = 0, pretend = 0, frame = 0
  59              		@ frame_needed = 0, uses_anonymous_args = 0
  60              		@ link register save eliminated.
ARM GAS  C:\Users\czsta\AppData\Local\Temp\ccK0fbiy.s 			page 2


  61 0000 0A4B     		ldr	r3, .L11
  62 0002 30B4     		push	{r4, r5}
  63 0004 0025     		movs	r5, #0
  64 0006 0124     		movs	r4, #1
  65 0008 1A46     		mov	r2, r3
  66 000a 0949     		ldr	r1, .L11+4
  67 000c 0978     		ldrb	r1, [r1]	@ zero_extendqisi2
  68 000e 00FB01F0 		mul	r0, r0, r1
  69 0012 5860     		str	r0, [r3, #4]
  70 0014 9D60     		str	r5, [r3, #8]
  71 0016 1C60     		str	r4, [r3]
  72              	.L7:
  73 0018 1368     		ldr	r3, [r2]
  74 001a 03F00113 		and	r3, r3, #65537
  75 001e 012B     		cmp	r3, #1
  76 0020 FAD0     		beq	.L7
  77 0022 30BC     		pop	{r4, r5}
  78 0024 0023     		movs	r3, #0
  79 0026 1360     		str	r3, [r2]
  80 0028 9360     		str	r3, [r2, #8]
  81 002a 7047     		bx	lr
  82              	.L12:
  83              		.align	2
  84              	.L11:
  85 002c 10E000E0 		.word	-536813552
  86 0030 00000000 		.word	.LANCHOR0
  88              		.section	.text.delay_ms,"ax",%progbits
  89              		.align	1
  90              		.p2align 2,,3
  91              		.global	delay_ms
  92              		.syntax unified
  93              		.thumb
  94              		.thumb_func
  95              		.fpu softvfp
  97              	delay_ms:
  98              		@ args = 0, pretend = 0, frame = 0
  99              		@ frame_needed = 0, uses_anonymous_args = 0
 100              		@ link register save eliminated.
 101 0000 0A4B     		ldr	r3, .L18
 102 0002 30B4     		push	{r4, r5}
 103 0004 0025     		movs	r5, #0
 104 0006 0124     		movs	r4, #1
 105 0008 1A46     		mov	r2, r3
 106 000a 0949     		ldr	r1, .L18+4
 107 000c 0988     		ldrh	r1, [r1]
 108 000e 00FB01F0 		mul	r0, r0, r1
 109 0012 5860     		str	r0, [r3, #4]
 110 0014 9D60     		str	r5, [r3, #8]
 111 0016 1C60     		str	r4, [r3]
 112              	.L14:
 113 0018 1368     		ldr	r3, [r2]
 114 001a 03F00113 		and	r3, r3, #65537
 115 001e 012B     		cmp	r3, #1
 116 0020 FAD0     		beq	.L14
 117 0022 30BC     		pop	{r4, r5}
 118 0024 0023     		movs	r3, #0
 119 0026 1360     		str	r3, [r2]
ARM GAS  C:\Users\czsta\AppData\Local\Temp\ccK0fbiy.s 			page 3


 120 0028 9360     		str	r3, [r2, #8]
 121 002a 7047     		bx	lr
 122              	.L19:
 123              		.align	2
 124              	.L18:
 125 002c 10E000E0 		.word	-536813552
 126 0030 00000000 		.word	.LANCHOR1
 128              		.section	.bss.fac_ms,"aw",%nobits
 129              		.align	1
 130              		.set	.LANCHOR1,. + 0
 133              	fac_ms:
 134 0000 0000     		.space	2
 135              		.section	.bss.fac_us,"aw",%nobits
 136              		.set	.LANCHOR0,. + 0
 139              	fac_us:
 140 0000 00       		.space	1
 141              		.ident	"GCC: (GNU Tools for Arm Embedded Processors 7-2018-q2-update) 7.3.1 20180622 (release) [AR
ARM GAS  C:\Users\czsta\AppData\Local\Temp\ccK0fbiy.s 			page 4


DEFINED SYMBOLS
                            *ABS*:00000000 delay.c
C:\Users\czsta\AppData\Local\Temp\ccK0fbiy.s:14     .text.delay_init:00000000 $t
C:\Users\czsta\AppData\Local\Temp\ccK0fbiy.s:22     .text.delay_init:00000000 delay_init
C:\Users\czsta\AppData\Local\Temp\ccK0fbiy.s:44     .text.delay_init:00000024 $d
C:\Users\czsta\AppData\Local\Temp\ccK0fbiy.s:49     .text.delay_us:00000000 $t
C:\Users\czsta\AppData\Local\Temp\ccK0fbiy.s:57     .text.delay_us:00000000 delay_us
C:\Users\czsta\AppData\Local\Temp\ccK0fbiy.s:85     .text.delay_us:0000002c $d
C:\Users\czsta\AppData\Local\Temp\ccK0fbiy.s:89     .text.delay_ms:00000000 $t
C:\Users\czsta\AppData\Local\Temp\ccK0fbiy.s:97     .text.delay_ms:00000000 delay_ms
C:\Users\czsta\AppData\Local\Temp\ccK0fbiy.s:125    .text.delay_ms:0000002c $d
C:\Users\czsta\AppData\Local\Temp\ccK0fbiy.s:129    .bss.fac_ms:00000000 $d
C:\Users\czsta\AppData\Local\Temp\ccK0fbiy.s:133    .bss.fac_ms:00000000 fac_ms
C:\Users\czsta\AppData\Local\Temp\ccK0fbiy.s:139    .bss.fac_us:00000000 fac_us
C:\Users\czsta\AppData\Local\Temp\ccK0fbiy.s:140    .bss.fac_us:00000000 $d

NO UNDEFINED SYMBOLS
