ARM GAS  C:\Users\czsta\AppData\Local\Temp\ccNWEVRX.s 			page 1


   1              		.cpu cortex-m3
   2              		.eabi_attribute 20, 1
   3              		.eabi_attribute 21, 1
   4              		.eabi_attribute 23, 3
   5              		.eabi_attribute 24, 1
   6              		.eabi_attribute 25, 1
   7              		.eabi_attribute 26, 1
   8              		.eabi_attribute 30, 2
   9              		.eabi_attribute 34, 1
  10              		.eabi_attribute 18, 4
  11              		.file	"led.c"
  12              		.text
  13              		.section	.text.LED_Init,"ax",%progbits
  14              		.align	1
  15              		.p2align 2,,3
  16              		.global	LED_Init
  17              		.syntax unified
  18              		.thumb
  19              		.thumb_func
  20              		.fpu softvfp
  22              	LED_Init:
  23              		@ args = 0, pretend = 0, frame = 0
  24              		@ frame_needed = 0, uses_anonymous_args = 0
  25              		@ link register save eliminated.
  26 0000 1149     		ldr	r1, .L3
  27 0002 124A     		ldr	r2, .L3+4
  28 0004 8869     		ldr	r0, [r1, #24]
  29 0006 124B     		ldr	r3, .L3+8
  30 0008 40F00400 		orr	r0, r0, #4
  31 000c 8861     		str	r0, [r1, #24]
  32 000e 8869     		ldr	r0, [r1, #24]
  33 0010 40F02000 		orr	r0, r0, #32
  34 0014 8861     		str	r0, [r1, #24]
  35 0016 5168     		ldr	r1, [r2, #4]
  36 0018 21F00F01 		bic	r1, r1, #15
  37 001c 5160     		str	r1, [r2, #4]
  38 001e 5168     		ldr	r1, [r2, #4]
  39 0020 41F00301 		orr	r1, r1, #3
  40 0024 5160     		str	r1, [r2, #4]
  41 0026 D168     		ldr	r1, [r2, #12]
  42 0028 41F48071 		orr	r1, r1, #256
  43 002c D160     		str	r1, [r2, #12]
  44 002e 1A68     		ldr	r2, [r3]
  45 0030 22F47062 		bic	r2, r2, #3840
  46 0034 1A60     		str	r2, [r3]
  47 0036 1A68     		ldr	r2, [r3]
  48 0038 42F44072 		orr	r2, r2, #768
  49 003c 1A60     		str	r2, [r3]
  50 003e DA68     		ldr	r2, [r3, #12]
  51 0040 42F00402 		orr	r2, r2, #4
  52 0044 DA60     		str	r2, [r3, #12]
  53 0046 7047     		bx	lr
  54              	.L4:
  55              		.align	2
  56              	.L3:
  57 0048 00100240 		.word	1073876992
  58 004c 00080140 		.word	1073809408
ARM GAS  C:\Users\czsta\AppData\Local\Temp\ccNWEVRX.s 			page 2


  59 0050 00140140 		.word	1073812480
  61              		.ident	"GCC: (GNU Tools for Arm Embedded Processors 7-2018-q2-update) 7.3.1 20180622 (release) [AR
ARM GAS  C:\Users\czsta\AppData\Local\Temp\ccNWEVRX.s 			page 3


DEFINED SYMBOLS
                            *ABS*:00000000 led.c
C:\Users\czsta\AppData\Local\Temp\ccNWEVRX.s:14     .text.LED_Init:00000000 $t
C:\Users\czsta\AppData\Local\Temp\ccNWEVRX.s:22     .text.LED_Init:00000000 LED_Init
C:\Users\czsta\AppData\Local\Temp\ccNWEVRX.s:57     .text.LED_Init:00000048 $d

NO UNDEFINED SYMBOLS
