ARM GAS  C:\Users\czsta\AppData\Local\Temp\ccO4LD0i.s 			page 1


   1              		.cpu cortex-m3
   2              		.eabi_attribute 20, 1
   3              		.eabi_attribute 21, 1
   4              		.eabi_attribute 23, 3
   5              		.eabi_attribute 24, 1
   6              		.eabi_attribute 25, 1
   7              		.eabi_attribute 26, 1
   8              		.eabi_attribute 30, 2
   9              		.eabi_attribute 34, 1
  10              		.eabi_attribute 18, 4
  11              		.file	"system_stm32f10x.c"
  12              		.text
  13              		.section	.text.SystemInit,"ax",%progbits
  14              		.align	1
  15              		.p2align 2,,3
  16              		.global	SystemInit
  17              		.syntax unified
  18              		.thumb
  19              		.thumb_func
  20              		.fpu softvfp
  22              	SystemInit:
  23              		@ args = 0, pretend = 0, frame = 8
  24              		@ frame_needed = 0, uses_anonymous_args = 0
  25              		@ link register save eliminated.
  26 0000 30B4     		push	{r4, r5}
  27 0002 0024     		movs	r4, #0
  28 0004 4FF41F05 		mov	r5, #10420224
  29 0008 3A4B     		ldr	r3, .L17
  30 000a 3B49     		ldr	r1, .L17+4
  31 000c 1868     		ldr	r0, [r3]
  32 000e 82B0     		sub	sp, sp, #8
  33 0010 40F00100 		orr	r0, r0, #1
  34 0014 1860     		str	r0, [r3]
  35 0016 5868     		ldr	r0, [r3, #4]
  36 0018 1A46     		mov	r2, r3
  37 001a 0140     		ands	r1, r1, r0
  38 001c 5960     		str	r1, [r3, #4]
  39 001e 1968     		ldr	r1, [r3]
  40 0020 21F08471 		bic	r1, r1, #17301504
  41 0024 21F48031 		bic	r1, r1, #65536
  42 0028 1960     		str	r1, [r3]
  43 002a 1968     		ldr	r1, [r3]
  44 002c 21F48021 		bic	r1, r1, #262144
  45 0030 1960     		str	r1, [r3]
  46 0032 5968     		ldr	r1, [r3, #4]
  47 0034 21F4FE01 		bic	r1, r1, #8323072
  48 0038 5960     		str	r1, [r3, #4]
  49 003a 9D60     		str	r5, [r3, #8]
  50 003c 0094     		str	r4, [sp]
  51 003e 0194     		str	r4, [sp, #4]
  52 0040 1968     		ldr	r1, [r3]
  53 0042 41F48031 		orr	r1, r1, #65536
  54 0046 1960     		str	r1, [r3]
  55 0048 03E0     		b	.L3
  56              	.L15:
  57 004a 009B     		ldr	r3, [sp]
  58 004c B3F5A06F 		cmp	r3, #1280
ARM GAS  C:\Users\czsta\AppData\Local\Temp\ccO4LD0i.s 			page 2


  59 0050 09D0     		beq	.L2
  60              	.L3:
  61 0052 1368     		ldr	r3, [r2]
  62 0054 03F40033 		and	r3, r3, #131072
  63 0058 0193     		str	r3, [sp, #4]
  64 005a 009B     		ldr	r3, [sp]
  65 005c 0133     		adds	r3, r3, #1
  66 005e 0093     		str	r3, [sp]
  67 0060 019B     		ldr	r3, [sp, #4]
  68 0062 002B     		cmp	r3, #0
  69 0064 F1D0     		beq	.L15
  70              	.L2:
  71 0066 234B     		ldr	r3, .L17
  72 0068 1B68     		ldr	r3, [r3]
  73 006a 13F40033 		ands	r3, r3, #131072
  74 006e 18BF     		it	ne
  75 0070 0123     		movne	r3, #1
  76 0072 0193     		str	r3, [sp, #4]
  77 0074 019B     		ldr	r3, [sp, #4]
  78 0076 012B     		cmp	r3, #1
  79 0078 06D0     		beq	.L16
  80              	.L6:
  81 007a 4FF00062 		mov	r2, #134217728
  82 007e 1F4B     		ldr	r3, .L17+8
  83 0080 9A60     		str	r2, [r3, #8]
  84 0082 02B0     		add	sp, sp, #8
  85              		@ sp needed
  86 0084 30BC     		pop	{r4, r5}
  87 0086 7047     		bx	lr
  88              	.L16:
  89 0088 1D49     		ldr	r1, .L17+12
  90 008a 1A4B     		ldr	r3, .L17
  91 008c 0868     		ldr	r0, [r1]
  92 008e 1A46     		mov	r2, r3
  93 0090 40F01000 		orr	r0, r0, #16
  94 0094 0860     		str	r0, [r1]
  95 0096 0868     		ldr	r0, [r1]
  96 0098 20F00300 		bic	r0, r0, #3
  97 009c 0860     		str	r0, [r1]
  98 009e 0868     		ldr	r0, [r1]
  99 00a0 40F00200 		orr	r0, r0, #2
 100 00a4 0860     		str	r0, [r1]
 101 00a6 5968     		ldr	r1, [r3, #4]
 102 00a8 5960     		str	r1, [r3, #4]
 103 00aa 5968     		ldr	r1, [r3, #4]
 104 00ac 5960     		str	r1, [r3, #4]
 105 00ae 5968     		ldr	r1, [r3, #4]
 106 00b0 41F48061 		orr	r1, r1, #1024
 107 00b4 5960     		str	r1, [r3, #4]
 108 00b6 5968     		ldr	r1, [r3, #4]
 109 00b8 21F47C11 		bic	r1, r1, #4128768
 110 00bc 5960     		str	r1, [r3, #4]
 111 00be 5968     		ldr	r1, [r3, #4]
 112 00c0 41F4E811 		orr	r1, r1, #1900544
 113 00c4 5960     		str	r1, [r3, #4]
 114 00c6 1968     		ldr	r1, [r3]
 115 00c8 41F08071 		orr	r1, r1, #16777216
ARM GAS  C:\Users\czsta\AppData\Local\Temp\ccO4LD0i.s 			page 3


 116 00cc 1960     		str	r1, [r3]
 117              	.L7:
 118 00ce 1368     		ldr	r3, [r2]
 119 00d0 9B01     		lsls	r3, r3, #6
 120 00d2 FCD5     		bpl	.L7
 121 00d4 5368     		ldr	r3, [r2, #4]
 122 00d6 0749     		ldr	r1, .L17
 123 00d8 23F00303 		bic	r3, r3, #3
 124 00dc 5360     		str	r3, [r2, #4]
 125 00de 5368     		ldr	r3, [r2, #4]
 126 00e0 43F00203 		orr	r3, r3, #2
 127 00e4 5360     		str	r3, [r2, #4]
 128              	.L8:
 129 00e6 4B68     		ldr	r3, [r1, #4]
 130 00e8 03F00C03 		and	r3, r3, #12
 131 00ec 082B     		cmp	r3, #8
 132 00ee FAD1     		bne	.L8
 133 00f0 C3E7     		b	.L6
 134              	.L18:
 135 00f2 00BF     		.align	2
 136              	.L17:
 137 00f4 00100240 		.word	1073876992
 138 00f8 0000FFF8 		.word	-117506048
 139 00fc 00ED00E0 		.word	-536810240
 140 0100 00200240 		.word	1073881088
 142              		.section	.text.SystemCoreClockUpdate,"ax",%progbits
 143              		.align	1
 144              		.p2align 2,,3
 145              		.global	SystemCoreClockUpdate
 146              		.syntax unified
 147              		.thumb
 148              		.thumb_func
 149              		.fpu softvfp
 151              	SystemCoreClockUpdate:
 152              		@ args = 0, pretend = 0, frame = 0
 153              		@ frame_needed = 0, uses_anonymous_args = 0
 154              		@ link register save eliminated.
 155 0000 114A     		ldr	r2, .L27
 156 0002 5368     		ldr	r3, [r2, #4]
 157 0004 03F00C03 		and	r3, r3, #12
 158 0008 082B     		cmp	r3, #8
 159 000a 0ED1     		bne	.L25
 160 000c 5368     		ldr	r3, [r2, #4]
 161 000e 5168     		ldr	r1, [r2, #4]
 162 0010 C3F38343 		ubfx	r3, r3, #18, #4
 163 0014 C903     		lsls	r1, r1, #15
 164 0016 03F10203 		add	r3, r3, #2
 165 001a 11D5     		bpl	.L26
 166 001c 5268     		ldr	r2, [r2, #4]
 167 001e 9203     		lsls	r2, r2, #14
 168 0020 0ED4     		bmi	.L26
 169 0022 0A4A     		ldr	r2, .L27+4
 170 0024 02FB03F3 		mul	r3, r2, r3
 171 0028 00E0     		b	.L20
 172              	.L25:
 173 002a 084B     		ldr	r3, .L27+4
 174              	.L20:
ARM GAS  C:\Users\czsta\AppData\Local\Temp\ccO4LD0i.s 			page 4


 175 002c 064A     		ldr	r2, .L27
 176 002e 0848     		ldr	r0, .L27+8
 177 0030 5268     		ldr	r2, [r2, #4]
 178 0032 0849     		ldr	r1, .L27+12
 179 0034 C2F30312 		ubfx	r2, r2, #4, #4
 180 0038 825C     		ldrb	r2, [r0, r2]	@ zero_extendqisi2
 181 003a D340     		lsrs	r3, r3, r2
 182 003c 0B60     		str	r3, [r1]
 183 003e 7047     		bx	lr
 184              	.L26:
 185 0040 054A     		ldr	r2, .L27+16
 186 0042 02FB03F3 		mul	r3, r2, r3
 187 0046 F1E7     		b	.L20
 188              	.L28:
 189              		.align	2
 190              	.L27:
 191 0048 00100240 		.word	1073876992
 192 004c 00127A00 		.word	8000000
 193 0050 00000000 		.word	.LANCHOR0
 194 0054 00000000 		.word	.LANCHOR1
 195 0058 00093D00 		.word	4000000
 197              		.global	AHBPrescTable
 198              		.global	SystemCoreClock
 199              		.section	.data.AHBPrescTable,"aw",%progbits
 200              		.align	2
 201              		.set	.LANCHOR0,. + 0
 204              	AHBPrescTable:
 205 0000 00       		.byte	0
 206 0001 00       		.byte	0
 207 0002 00       		.byte	0
 208 0003 00       		.byte	0
 209 0004 00       		.byte	0
 210 0005 00       		.byte	0
 211 0006 00       		.byte	0
 212 0007 00       		.byte	0
 213 0008 01       		.byte	1
 214 0009 02       		.byte	2
 215 000a 03       		.byte	3
 216 000b 04       		.byte	4
 217 000c 06       		.byte	6
 218 000d 07       		.byte	7
 219 000e 08       		.byte	8
 220 000f 09       		.byte	9
 221              		.section	.data.SystemCoreClock,"aw",%progbits
 222              		.align	2
 223              		.set	.LANCHOR1,. + 0
 226              	SystemCoreClock:
 227 0000 00A24A04 		.word	72000000
 228              		.ident	"GCC: (GNU Tools for Arm Embedded Processors 7-2018-q2-update) 7.3.1 20180622 (release) [AR
ARM GAS  C:\Users\czsta\AppData\Local\Temp\ccO4LD0i.s 			page 5


DEFINED SYMBOLS
                            *ABS*:00000000 system_stm32f10x.c
C:\Users\czsta\AppData\Local\Temp\ccO4LD0i.s:14     .text.SystemInit:00000000 $t
C:\Users\czsta\AppData\Local\Temp\ccO4LD0i.s:22     .text.SystemInit:00000000 SystemInit
C:\Users\czsta\AppData\Local\Temp\ccO4LD0i.s:137    .text.SystemInit:000000f4 $d
C:\Users\czsta\AppData\Local\Temp\ccO4LD0i.s:143    .text.SystemCoreClockUpdate:00000000 $t
C:\Users\czsta\AppData\Local\Temp\ccO4LD0i.s:151    .text.SystemCoreClockUpdate:00000000 SystemCoreClockUpdate
C:\Users\czsta\AppData\Local\Temp\ccO4LD0i.s:191    .text.SystemCoreClockUpdate:00000048 $d
C:\Users\czsta\AppData\Local\Temp\ccO4LD0i.s:204    .data.AHBPrescTable:00000000 AHBPrescTable
C:\Users\czsta\AppData\Local\Temp\ccO4LD0i.s:226    .data.SystemCoreClock:00000000 SystemCoreClock
C:\Users\czsta\AppData\Local\Temp\ccO4LD0i.s:200    .data.AHBPrescTable:00000000 $d
C:\Users\czsta\AppData\Local\Temp\ccO4LD0i.s:222    .data.SystemCoreClock:00000000 $d

NO UNDEFINED SYMBOLS
